#
# A fatal error has been detected by the Java Runtime Environment:
#
#  EXCEPTION_ACCESS_VIOLATION (0xc0000005) at pc=0x000000006fab8d85, pid=6132, tid=8056
#
# JRE version: Java(TM) SE Runtime Environment (8.0_77-b03) (build 1.8.0_77-b03)
# Java VM: Java HotSpot(TM) 64-Bit Server VM (25.77-b03 mixed mode windows-amd64 compressed oops)
# Problematic frame:
# V  [jvm.dll+0x128d85]
#
# Failed to write core dump. Minidumps are not enabled by default on client versions of Windows
#
# If you would like to submit a bug report, please visit:
#   http://bugreport.java.com/bugreport/crash.jsp
#

---------------  T H R E A D  ---------------

Current thread (0x0000000020731800):  JavaThread "JDWP Transport Listener: dt_socket" daemon [_thread_in_vm, id=8056, stack(0x0000000020e90000,0x0000000020f90000)]

siginfo: ExceptionCode=0xc0000005, reading address 0xffffffffffffffff

Registers:
RAX=0x0000000020f8f501, RBX=0x0000000020731800, RCX=0x6361666174654d61, RDX=0x0000000000000000
RSP=0x0000000020f8f510, RBP=0x6361666174654d61, RSI=0x0000000020f8f628, RDI=0x000000000304b0f0
R8 =0x0000000020731800, R9 =0x0000000000008000, R10=0x00000000217f4fe0, R11=0x00000000218491ef
R12=0x0000000000000000, R13=0x0000000020726818, R14=0x0000000000000000, R15=0x0000000000000000
RIP=0x000000006fab8d85, EFLAGS=0x0000000000010202

Top of Stack: (sp=0x0000000020f8f510)
0x0000000020f8f510:   0000000020731800 0000000020731800
0x0000000020f8f520:   0000000020f8f5d8 000000006fcbe33b
0x0000000020f8f530:   0000000020731800 000000006fcdab9d
0x0000000020f8f540:   0000000000000000 000000006f8c9155
0x0000000020f8f550:   0000000020714798 000000006f8d291e
0x0000000020f8f560:   0000000020731800 0000000000000000
0x0000000020f8f570:   0000000000000000 0000000000000000
0x0000000020f8f580:   6361666174654d61 000000006f8d1a15
0x0000000020f8f590:   0000000020f8f628 0000000020f8f600
0x0000000020f8f5a0:   0000000000000001 0000000020714798
0x0000000020f8f5b0:   6361666174654d61 000000006f8b53b3
0x0000000020f8f5c0:   0000000020f8f6f0 0000000000000001
0x0000000020f8f5d0:   0000000000000001 0000000020714798
0x0000000020f8f5e0:   00000000f000100a 0000000000000000
0x0000000020f8f5f0:   0000000000000000 0000000000000000
0x0000000020f8f600:   0000000000000001 000000006f8b5571 

Instructions: (pc=0x000000006fab8d85)
0x000000006fab8d65:   cc cc cc cc cc cc cc cc cc cc cc 48 83 ec 28 48
0x000000006fab8d75:   85 c9 75 07 33 c0 48 83 c4 28 c3 48 89 5c 24 20
0x000000006fab8d85:   48 8b 19 48 85 db 74 20 48 83 fb 37 74 1a 48 8b
0x000000006fab8d95:   13 48 8b cb ff 52 10 84 c0 74 0d 48 8b c3 48 8b 


Register to memory mapping:

RAX=0x0000000020f8f501 is pointing into the stack for thread: 0x0000000020731800
RBX=0x0000000020731800 is a thread
RCX=0x6361666174654d61 is an unknown value
RDX=0x0000000000000000 is an unknown value
RSP=0x0000000020f8f510 is pointing into the stack for thread: 0x0000000020731800
RBP=0x6361666174654d61 is an unknown value
RSI=0x0000000020f8f628 is pointing into the stack for thread: 0x0000000020731800
RDI=0x000000000304b0f0 is an unknown value
R8 =0x0000000020731800 is a thread
R9 =0x0000000000008000 is an unknown value
R10=0x00000000217f4fe0 is an unknown value
R11=0x00000000218491ef is an unknown value
R12=0x0000000000000000 is an unknown value
R13=0x0000000020726818 is an unknown value
R14=0x0000000000000000 is an unknown value
R15=0x0000000000000000 is an unknown value


Stack: [0x0000000020e90000,0x0000000020f90000],  sp=0x0000000020f8f510,  free space=1021k
Native frames: (J=compiled Java code, j=interpreted, Vv=VM code, C=native code)
V  [jvm.dll+0x128d85]
V  [jvm.dll+0x34ab9d]
C  [jdwp.dll+0x21a15]
C  [jdwp.dll+0x53b3]
C  [jdwp.dll+0x5571]
C  [jdwp.dll+0xf0a8]
C  [jdwp.dll+0x1f2d5]
C  [jdwp.dll+0x1f4aa]
V  [jvm.dll+0x1bba58]
V  [jvm.dll+0x243434]
V  [jvm.dll+0x29a27a]
C  [msvcr100.dll+0x21d9f]
C  [msvcr100.dll+0x21e3b]
C  [KERNEL32.DLL+0x11fe4]
C  [ntdll.dll+0x6f061]


---------------  P R O C E S S  ---------------

Java Threads: ( => current thread )
  0x00000000207da000 JavaThread "Service Thread" daemon [_thread_blocked, id=11716, stack(0x0000000021590000,0x0000000021690000)]
  0x000000002075b000 JavaThread "C1 CompilerThread3" daemon [_thread_blocked, id=8140, stack(0x0000000021490000,0x0000000021590000)]
  0x000000002074c800 JavaThread "C2 CompilerThread2" daemon [_thread_blocked, id=9732, stack(0x0000000021390000,0x0000000021490000)]
  0x000000002074c000 JavaThread "C2 CompilerThread1" daemon [_thread_blocked, id=8144, stack(0x0000000021290000,0x0000000021390000)]
  0x0000000020748800 JavaThread "C2 CompilerThread0" daemon [_thread_blocked, id=5648, stack(0x0000000021190000,0x0000000021290000)]
  0x0000000020737800 JavaThread "JDWP Command Reader" daemon [_thread_in_native, id=4784, stack(0x0000000021090000,0x0000000021190000)]
  0x0000000020736800 JavaThread "JDWP Event Helper Thread" daemon [_thread_blocked, id=9820, stack(0x0000000020f90000,0x0000000021090000)]
=>0x0000000020731800 JavaThread "JDWP Transport Listener: dt_socket" daemon [_thread_in_vm, id=8056, stack(0x0000000020e90000,0x0000000020f90000)]
  0x00000000206c8000 JavaThread "Attach Listener" daemon [_thread_blocked, id=10096, stack(0x0000000020d90000,0x0000000020e90000)]
  0x0000000020720800 JavaThread "Signal Dispatcher" daemon [_thread_blocked, id=5036, stack(0x0000000020c90000,0x0000000020d90000)]
  0x00000000206b0800 JavaThread "Finalizer" daemon [_thread_blocked, id=8692, stack(0x0000000020a90000,0x0000000020b90000)]
  0x0000000004dda000 JavaThread "Reference Handler" daemon [_thread_blocked, id=12096, stack(0x0000000020590000,0x0000000020690000)]
  0x000000000304e800 JavaThread "main" [_thread_blocked, id=12340, stack(0x0000000004be0000,0x0000000004ce0000)]

Other Threads:
  0x000000001e7aa000 VMThread [stack: 0x0000000020490000,0x0000000020590000] [id=8496]
  0x000000002085b800 WatcherThread [stack: 0x0000000021690000,0x0000000021790000] [id=10536]

VM state:not at safepoint (normal execution)

VM Mutex/Monitor currently owned by a thread: None

Heap:
 PSYoungGen      total 75776K, used 5202K [0x000000076b600000, 0x0000000770a80000, 0x00000007c0000000)
  eden space 65024K, 8% used [0x000000076b600000,0x000000076bb14848,0x000000076f580000)
  from space 10752K, 0% used [0x0000000770000000,0x0000000770000000,0x0000000770a80000)
  to   space 10752K, 0% used [0x000000076f580000,0x000000076f580000,0x0000000770000000)
 ParOldGen       total 173568K, used 0K [0x00000006c2200000, 0x00000006ccb80000, 0x000000076b600000)
  object space 173568K, 0% used [0x00000006c2200000,0x00000006c2200000,0x00000006ccb80000)
 Metaspace       used 3993K, capacity 4778K, committed 4864K, reserved 1056768K
  class space    used 448K, capacity 508K, committed 512K, reserved 1048576K

Card table byte_map: [0x00000000141a0000,0x0000000014990000] byte_map_base: 0x0000000010b8f000

Marking Bits: (ParMarkBitMap*) 0x00000000701a0600
 Begin Bits: [0x00000000156e0000, 0x0000000019658000)
 End Bits:   [0x0000000019658000, 0x000000001d5d0000)

Polling page: 0x0000000002b00000

CodeCache: size=245760Kb used=1504Kb max_used=1504Kb free=244255Kb
 bounds [0x0000000004de0000, 0x0000000005050000, 0x0000000013de0000]
 total_blobs=495 nmethods=243 adapters=173
 compilation: enabled

Compilation events (10 events):
Event: 1.013 Thread 0x000000002075b000  238       3       sun.invoke.util.BytecodeDescriptor::unparseSig (75 bytes)
Event: 1.014 Thread 0x000000002075b000 nmethod 238 0x0000000004f55210 code [0x0000000004f55480, 0x0000000004f56668]
Event: 1.014 Thread 0x000000002075b000  241       3       java.util.concurrent.ConcurrentHashMap::casTabAt (20 bytes)
Event: 1.014 Thread 0x000000002075b000 nmethod 241 0x0000000004f57090 code [0x0000000004f571e0, 0x0000000004f57370]
Event: 1.014 Thread 0x000000002075b000  239       3       jdk.internal.org.objectweb.asm.ClassWriter::put122 (15 bytes)
Event: 1.014 Thread 0x000000002075b000 nmethod 239 0x0000000004f57410 code [0x0000000004f57580, 0x0000000004f57798]
Event: 1.014 Thread 0x000000002075b000  242       3       jdk.internal.org.objectweb.asm.ClassWriter::newClass (9 bytes)
Event: 1.014 Thread 0x000000002075b000 nmethod 242 0x0000000004f578d0 code [0x0000000004f57a40, 0x0000000004f57c08]
Event: 1.015 Thread 0x000000002075b000  243       3       java.lang.invoke.MemberName::initResolved (53 bytes)
Event: 1.015 Thread 0x000000002075b000 nmethod 243 0x0000000004f57cd0 code [0x0000000004f57e20, 0x0000000004f57ff0]

GC Heap History (0 events):
No events

Deoptimization events (0 events):
No events

Internal exceptions (4 events):
Event: 0.027 Thread 0x000000000304e800 Exception <a 'java/lang/NoSuchMethodError': Method sun.misc.Unsafe.defineClass(Ljava/lang/String;[BII)Ljava/lang/Class; name or signature does not match> (0x000000076b607cc0) thrown at [D:\re\workspace\8-2-build-windows-amd64-cygwin\jdk8u77\6540\hotspot\srps@Ü”ú?
Event: 0.027 Thread 0x000000000304e800 Exception <a 'java/lang/NoSuchMethodError': Method sun.misc.Unsafe.prefetchRead(Ljava/lang/Object;J)V name or signature does not match> (0x000000076b607fa8) thrown at [D:\re\workspace\8-2-build-windows-amd64-cygwin\jdk8u77\6540\hotspot\src\share\vm\prims\jπ]ô€Ô?
Event: 0.995 Thread 0x000000000304e800 Exception <a 'java/lang/NoSuchFieldError': method resolution failed> (0x000000076ba43ca8) thrown at [D:\re\workspace\8-2-build-windows-amd64-cygwin\jdk8u77\6540\hotspot\src\share\vm\prims\methodHandles.cpp, line 1146]
Event: 0.997 Thread 0x000000000304e800 Exception <a 'java/lang/NoSuchFieldError': method resolution failed> (0x000000076ba510a8) thrown at [D:\re\workspace\8-2-build-windows-amd64-cygwin\jdk8u77\6540\hotspot\src\share\vm\prims\methodHandles.cpp, line 1146]

Events (10 events):
Event: 476.304 Executing VM operation: ChangeBreakpoints
Event: 476.304 Executing VM operation: ChangeBreakpoints done
Event: 21535.768 Executing VM operation: ChangeBreakpoints
Event: 21535.768 Executing VM operation: ChangeBreakpoints done
Event: 21535.769 Executing VM operation: ChangeBreakpoints
Event: 21535.769 Executing VM operation: ChangeBreakpoints done
Event: 21535.769 Executing VM operation: ChangeBreakpoints
Event: 21535.769 Executing VM operation: ChangeBreakpoints done
Event: 21535.792 Executing VM operation: RedefineClasses
Event: 21535.798 Executing VM operation: RedefineClasses done


Dynamic libraries:
0x00007ff731900000 - 0x00007ff731937000 	D:\jdk1.8.0\bin\java.exe
0x00007ffbd8800000 - 0x00007ffbd89e0000 	C:\WINDOWS\SYSTEM32\ntdll.dll
0x00007ffbd7f70000 - 0x00007ffbd801e000 	C:\WINDOWS\System32\KERNEL32.DLL
0x00007ffbd4ef0000 - 0x00007ffbd5156000 	C:\WINDOWS\System32\KERNELBASE.dll
0x00007ffbd6960000 - 0x00007ffbd6a01000 	C:\WINDOWS\System32\ADVAPI32.dll
0x00007ffbd66c0000 - 0x00007ffbd675d000 	C:\WINDOWS\System32\msvcrt.dll
0x00007ffbd5ed0000 - 0x00007ffbd5f2b000 	C:\WINDOWS\System32\sechost.dll
0x00007ffbd6a10000 - 0x00007ffbd6b2f000 	C:\WINDOWS\System32\RPCRT4.dll
0x00007ffbd5f30000 - 0x00007ffbd60bf000 	C:\WINDOWS\System32\USER32.dll
0x00007ffbd5330000 - 0x00007ffbd5350000 	C:\WINDOWS\System32\win32u.dll
0x00007ffbd6930000 - 0x00007ffbd6958000 	C:\WINDOWS\System32\GDI32.dll
0x00007ffbd4d50000 - 0x00007ffbd4ee3000 	C:\WINDOWS\System32\gdi32full.dll
0x00007ffbd4c00000 - 0x00007ffbd4c9b000 	C:\WINDOWS\System32\msvcp_win.dll
0x00007ffbd5b70000 - 0x00007ffbd5c66000 	C:\WINDOWS\System32\ucrtbase.dll
0x00007ffbc8a90000 - 0x00007ffbc8cf9000 	C:\WINDOWS\WinSxS\amd64_microsoft.windows.common-controls_6595b64144ccf1df_6.0.16299.431_none_15c7d3ee93659e73\COMCTL32.dll
0x00007ffbd6140000 - 0x00007ffbd6448000 	C:\WINDOWS\System32\combase.dll
0x00007ffbd5aa0000 - 0x00007ffbd5b12000 	C:\WINDOWS\System32\bcryptPrimitives.dll
0x00007ffbd8690000 - 0x00007ffbd86bd000 	C:\WINDOWS\System32\IMM32.DLL
0x0000000070220000 - 0x00000000702f2000 	D:\jdk1.8.0\jre\bin\msvcr100.dll
0x000000006f990000 - 0x0000000070220000 	D:\jdk1.8.0\jre\bin\server\jvm.dll
0x00007ffbd66b0000 - 0x00007ffbd66b8000 	C:\WINDOWS\System32\PSAPI.DLL
0x00007ffbc8f50000 - 0x00007ffbc8f73000 	C:\WINDOWS\SYSTEM32\WINMM.dll
0x00007ffbc7060000 - 0x00007ffbc7069000 	C:\WINDOWS\SYSTEM32\WSOCK32.dll
0x00007ffbd0cd0000 - 0x00007ffbd0cda000 	C:\WINDOWS\SYSTEM32\VERSION.dll
0x00007ffbd60c0000 - 0x00007ffbd612c000 	C:\WINDOWS\System32\WS2_32.dll
0x00007ffbc8f20000 - 0x00007ffbc8f4a000 	C:\WINDOWS\SYSTEM32\winmmbase.dll
0x00007ffbd5b20000 - 0x00007ffbd5b6a000 	C:\WINDOWS\System32\cfgmgr32.dll
0x000000006f980000 - 0x000000006f98f000 	D:\jdk1.8.0\jre\bin\verify.dll
0x000000006f950000 - 0x000000006f979000 	D:\jdk1.8.0\jre\bin\java.dll
0x000000006f8b0000 - 0x000000006f8e5000 	D:\jdk1.8.0\jre\bin\jdwp.dll
0x000000006f8a0000 - 0x000000006f8a8000 	D:\jdk1.8.0\jre\bin\npt.dll
0x000000006f930000 - 0x000000006f946000 	D:\jdk1.8.0\jre\bin\zip.dll
0x00007ffbd6b30000 - 0x00007ffbd7f68000 	C:\WINDOWS\System32\SHELL32.dll
0x00007ffbd8720000 - 0x00007ffbd87c6000 	C:\WINDOWS\System32\shcore.dll
0x00007ffbd5350000 - 0x00007ffbd5a97000 	C:\WINDOWS\System32\windows.storage.dll
0x00007ffbd5e70000 - 0x00007ffbd5ec1000 	C:\WINDOWS\System32\shlwapi.dll
0x00007ffbd4be0000 - 0x00007ffbd4bf1000 	C:\WINDOWS\System32\kernel.appcore.dll
0x00007ffbd4b70000 - 0x00007ffbd4bbc000 	C:\WINDOWS\System32\powrprof.dll
0x00007ffbd4b50000 - 0x00007ffbd4b6b000 	C:\WINDOWS\System32\profapi.dll
0x000000006f860000 - 0x000000006f869000 	D:\jdk1.8.0\jre\bin\dt_socket.dll
0x00007ffbd4350000 - 0x00007ffbd43b6000 	C:\WINDOWS\system32\mswsock.dll
0x00007ffbcf9b0000 - 0x00007ffbcfb78000 	C:\WINDOWS\SYSTEM32\dbghelp.dll

VM Arguments:
jvm_args: -agentlib:jdwp=transport=dt_socket,address=127.0.0.1:59931,suspend=y,server=n -Dfile.encoding=UTF-8 
java_command: com.deep.StreamTrain.TestStream
java_class_path (initial): D:\jdk1.8.0\jre\lib\charsets.jar;D:\jdk1.8.0\jre\lib\deploy.jar;D:\jdk1.8.0\jre\lib\ext\access-bridge-64.jar;D:\jdk1.8.0\jre\lib\ext\cldrdata.jar;D:\jdk1.8.0\jre\lib\ext\dnsns.jar;D:\jdk1.8.0\jre\lib\ext\jaccess.jar;D:\jdk1.8.0\jre\lib\ext\jfxrt.jar;D:\jdk1.8.0\jre\lib\ext\localedata.jar;D:\jdk1.8.0\jre\lib\ext\nashorn.jar;D:\jdk1.8.0\jre\lib\ext\sunec.jar;D:\jdk1.8.0\jre\lib\ext\sunjce_provider.jar;D:\jdk1.8.0\jre\lib\ext\sunmscapi.jar;D:\jdk1.8.0\jre\lib\ext\sunpkcs11.jar;D:\jdk1.8.0\jre\lib\ext\zipfs.jar;D:\jdk1.8.0\jre\lib\javaws.jar;D:\jdk1.8.0\jre\lib\jce.jar;D:\jdk1.8.0\jre\lib\jfr.jar;D:\jdk1.8.0\jre\lib\jfxswt.jar;D:\jdk1.8.0\jre\lib\jsse.jar;D:\jdk1.8.0\jre\lib\management-agent.jar;D:\jdk1.8.0\jre\lib\plugin.jar;D:\jdk1.8.0\jre\lib\resources.jar;D:\jdk1.8.0\jre\lib\rt.jar;F:\workspace\boots\thirdboot\target\classes;F:\software\maven\repository\org\springframework\boot\spring-boot-starter-web\1.4.0.RELEASE\spring-boot-starter-web-1.4.0.RELEASE.jar;F:\software\maven\repository\org\springframework\boot\spring-boot-starter\1.4.0.RELEASE\spring-boot-starter-1.4.0.RELEASE.jar;F:\software\maven\repository\org\springframework\boot\spring-boot-starter-logging\1.4.0.RELEASE\spring-boot-starter-logging-1.4.0.RELEASE.jar;F:\software\maven\repository\ch\qos\logback\logback-classic\1.1.7\logback-classic-1.1.7.jar;F:\software\maven\repository\ch\qos\logback\logback-core\1.1.7\logback-core-1.1.7.jar;F:\software\maven\repository\org\slf4j\slf4j-api\1.7.21\slf4j-api-1.7.21.jar;F:\software\maven\repository\org\slf4j\jcl-over-slf4j\1.7.21\jcl-over-slf4j-1.7.21.jar;F:\software\maven\repository\org\slf4j\jul-to-slf4j\1.7.21\jul-to-slf4j-1.7.21.jar;F:\software\maven\repository\org\slf4j\log4j-over-slf4j\1.7.21\log4j-over-slf4j-1.7.21.jar;F:\software\maven\repository\org\springframework\spring-core\4.3.2.RELEASE\spring-core-4.3.2.RELEASE.jar;F:\software\maven\repository\org\yaml\snakeyaml\1.17\snakeyaml-1.17.jar;F:\software\maven\repository\org\spring
Launcher Type: SUN_STANDARD

Environment Variables:
JAVA_HOME=D:\jdk1.8.0
PATH=C:\WINDOWS\system32;C:\WINDOWS;C:\WINDOWS\System32\Wbem;C:\WINDOWS\System32\WindowsPowerShell\v1.0\;D:\jdk1.8.0\bin;%jJAVA_HOME%\lib\dt.jar;D:\jdk1.8.0\lib\tools.jar;F:\software\devtools\apache-maven-3.3.9\bin;C:\Program Files\TortoiseSVN\bin;F:\software\devtools\Git\cmd;C:\Users\Administrator\AppData\Local\Microsoft\WindowsApps;
USERNAME=Administrator
OS=Windows_NT
PROCESSOR_IDENTIFIER=Intel64 Family 6 Model 158 Stepping 9, GenuineIntel



---------------  S Y S T E M  ---------------

OS: Windows 10.0 , 64 bit Build 16299 (10.0.16299.431)

CPU:total 8 (4 cores per cpu, 2 threads per core) family 6 model 158 stepping 9, cmov, cx8, fxsr, mmx, sse, sse2, sse3, ssse3, sse4.1, sse4.2, popcnt, avx, avx2, aes, clmul, erms, rtm, 3dnowpref, lzcnt, ht, tsc, tscinvbit, bmi1, bmi2, adx

Memory: 4k page, physical 16637792k(8907572k free), swap 17686368k(5221996k free)

vm_info: Java HotSpot(TM) 64-Bit Server VM (25.77-b03) for windows-amd64 JRE (1.8.0_77-b03), built on Mar 20 2016 22:01:33 by "java_re" with MS VC++ 10.0 (VS2010)

time: Mon May 14 16:49:36 2018
elapsed time: 21535 seconds (0d 5h 58m 55s)

